[2018-11-02T21:55:45.021] [INFO] full - Test Case version 0.1 for player-fights-multiple-evil-wisps.test.js - standard life only 
[2018-11-02T21:55:45.032] [INFO] full - Player Thomas pops {"name":"Thomas","strength":11,"stamina":9,"agility":11,"position":[0,0,0],"rotation":[0,0,0],"life":380,"attack":17,"defence":17,"fightMode":false,"color":[0.3583,0.9,0.7],"respawnedLife":180,"socketId":1}.
[2018-11-02T21:55:45.033] [INFO] full - an evil wisp pops {"name":"an evil wisp","strength":18,"stamina":1,"agility":1,"position":[2909,521,-1249],"rotation":[0,0,0],"life":320,"attack":53,"defence":24,"fightMode":false,"color":[0,1,0.5],"respawnedLife":320}.
[2018-11-02T21:55:45.034] [INFO] full - Thomas hits an evil wisp for 10 life.
[2018-11-02T21:55:45.034] [INFO] full - an evil wisp hits Thomas for 10 life.
[2018-11-02T21:55:45.034] [INFO] full - Thomas hits an evil wisp for 30 life.
[2018-11-02T21:55:45.034] [INFO] full - an evil wisp hits Thomas for 20 life.
[2018-11-02T21:55:45.034] [INFO] full - Thomas tries to hit an evil wisp but misses.
[2018-11-02T21:55:45.034] [INFO] full - an evil wisp hits Thomas for 20 life.
[2018-11-02T21:55:45.034] [INFO] full - Thomas tries to hit an evil wisp but misses.
[2018-11-02T21:55:45.034] [INFO] full - an evil wisp hits Thomas for 40 life.
[2018-11-02T21:55:45.034] [INFO] full - Thomas tries to hit an evil wisp but misses.
[2018-11-02T21:55:45.034] [INFO] full - an evil wisp hits Thomas for 60 life.
[2018-11-02T21:55:45.035] [INFO] full - Thomas tries to hit an evil wisp but misses.
[2018-11-02T21:55:45.035] [INFO] full - an evil wisp hits Thomas for 10 life.
[2018-11-02T21:55:45.035] [INFO] full - Thomas hits an evil wisp for 10 life.
[2018-11-02T21:55:45.035] [INFO] full - an evil wisp hits Thomas for 30 life.
[2018-11-02T21:55:45.035] [INFO] full - Thomas hits an evil wisp for 60 life.
[2018-11-02T21:55:45.035] [INFO] full - an evil wisp hits Thomas for 50 life.
[2018-11-02T21:55:45.035] [INFO] full - Thomas hits an evil wisp for 60 life.
[2018-11-02T21:55:45.035] [INFO] full - an evil wisp hits Thomas for 60 life.
[2018-11-02T21:55:45.035] [INFO] full - Thomas hits an evil wisp for 60 life.
[2018-11-02T21:55:45.035] [INFO] full - an evil wisp hits Thomas for 20 life.
[2018-11-02T21:55:45.035] [INFO] full - Thomas tries to hit an evil wisp but misses.
[2018-11-02T21:55:45.035] [INFO] full - an evil wisp hits Thomas for 20 life.
[2018-11-02T21:55:45.035] [INFO] full - Thomas tries to hit an evil wisp but misses.
[2018-11-02T21:55:45.035] [INFO] full - an evil wisp hits Thomas for 30 life.
[2018-11-02T21:55:45.035] [INFO] full - Thomas tries to hit an evil wisp but misses.
[2018-11-02T21:55:45.035] [INFO] full - an evil wisp hits Thomas for 60 life.
[2018-11-02T21:55:45.035] [INFO] full - Thomas has died in a fight with an evil wisp.
[2018-11-02T21:55:45.035] [INFO] full - Fight summary: Thomas dies after 27 rounds, Thomas started with 380 life and ended with -50 life, fought 1 an evil wisp.
