[2018-10-21T20:56:55.105] [INFO] full - Player Thomas pops {"name":"Thomas","strength":11,"stamina":12,"agility":13,"position":[0,0,0],"rotation":[0,0,0],"life":480,"attack":14,"defence":23,"fightMode":false,"color":[0.3583,0.9,0.7],"respawnedLife":280,"socketId":1}.
[2018-10-21T20:56:55.110] [INFO] full - a wisp pops {"name":"a wisp","strength":16,"stamina":12,"agility":10,"position":[4422,-4669,-4019],"rotation":[0,0,0],"life":120,"attack":33,"defence":6,"fightMode":false,"color":[0.64,0.9,0.7],"respawnedLife":120}.
[2018-10-21T20:56:55.111] [INFO] full - Thomas hits a wisp for 40 life.
[2018-10-21T20:56:55.111] [INFO] full - a wisp hits Thomas for 60 life.
[2018-10-21T20:56:55.111] [INFO] full - Thomas hits a wisp for 60 life.
[2018-10-21T20:56:55.111] [INFO] full - a wisp hits Thomas for 50 life.
[2018-10-21T20:56:55.111] [INFO] full - Thomas hits a wisp for 30 life.
[2018-10-21T20:56:55.111] [INFO] full - a wisp pops {"name":"a wisp","strength":5,"stamina":11,"agility":9,"position":[-1920,4844,-427],"rotation":[0,0,0],"life":300,"attack":2,"defence":20,"fightMode":false,"color":[0.64,0.9,0.7],"respawnedLife":300}.
[2018-10-21T20:56:55.111] [INFO] full - Thomas tries to hit a wisp but misses.
[2018-10-21T20:56:55.111] [INFO] full - a wisp tries to hit Thomas but misses.
[2018-10-21T20:56:55.111] [INFO] full - Thomas hits a wisp for 10 life.
[2018-10-21T20:56:55.111] [INFO] full - a wisp tries to hit Thomas but misses.
[2018-10-21T20:56:55.111] [INFO] full - Thomas tries to hit a wisp but misses.
[2018-10-21T20:56:55.111] [INFO] full - a wisp tries to hit Thomas but misses.
[2018-10-21T20:56:55.111] [INFO] full - Thomas hits a wisp for 50 life.
[2018-10-21T20:56:55.111] [INFO] full - a wisp tries to hit Thomas but misses.
[2018-10-21T20:56:55.111] [INFO] full - Thomas tries to hit a wisp but misses.
[2018-10-21T20:56:55.111] [INFO] full - a wisp tries to hit Thomas but misses.
[2018-10-21T20:56:55.111] [INFO] full - Thomas tries to hit a wisp but misses.
[2018-10-21T20:56:55.111] [INFO] full - a wisp tries to hit Thomas but misses.
[2018-10-21T20:56:55.111] [INFO] full - Thomas tries to hit a wisp but misses.
[2018-10-21T20:56:55.111] [INFO] full - a wisp tries to hit Thomas but misses.
[2018-10-21T20:56:55.111] [INFO] full - Thomas tries to hit a wisp but misses.
[2018-10-21T20:56:55.112] [INFO] full - a wisp hits Thomas for 30 life.
[2018-10-21T20:56:55.112] [INFO] full - Thomas hits a wisp for 60 life.
[2018-10-21T20:56:55.112] [INFO] full - a wisp hits Thomas for 40 life.
[2018-10-21T20:56:55.112] [INFO] full - Thomas hits a wisp for 60 life.
[2018-10-21T20:56:55.112] [INFO] full - a wisp tries to hit Thomas but misses.
[2018-10-21T20:56:55.112] [INFO] full - Thomas tries to hit a wisp but misses.
[2018-10-21T20:56:55.112] [INFO] full - a wisp tries to hit Thomas but misses.
[2018-10-21T20:56:55.112] [INFO] full - Thomas hits a wisp for 20 life.
[2018-10-21T20:56:55.112] [INFO] full - a wisp hits Thomas for 60 life.
[2018-10-21T20:56:55.112] [INFO] full - Thomas tries to hit a wisp but misses.
[2018-10-21T20:56:55.112] [INFO] full - a wisp tries to hit Thomas but misses.
[2018-10-21T20:56:55.112] [INFO] full - Thomas hits a wisp for 20 life.
[2018-10-21T20:56:55.112] [INFO] full - a wisp tries to hit Thomas but misses.
[2018-10-21T20:56:55.112] [INFO] full - Thomas tries to hit a wisp but misses.
[2018-10-21T20:56:55.112] [INFO] full - a wisp hits Thomas for 10 life.
[2018-10-21T20:56:55.112] [INFO] full - Thomas tries to hit a wisp but misses.
[2018-10-21T20:56:55.112] [INFO] full - a wisp tries to hit Thomas but misses.
[2018-10-21T20:56:55.112] [INFO] full - Thomas hits a wisp for 30 life.
[2018-10-21T20:56:55.112] [INFO] full - a wisp hits Thomas for 20 life.
[2018-10-21T20:56:55.112] [INFO] full - Thomas tries to hit a wisp but misses.
[2018-10-21T20:56:55.112] [INFO] full - a wisp hits Thomas for 50 life.
[2018-10-21T20:56:55.112] [INFO] full - Thomas tries to hit a wisp but misses.
[2018-10-21T20:56:55.112] [INFO] full - a wisp tries to hit Thomas but misses.
[2018-10-21T20:56:55.112] [INFO] full - Thomas tries to hit a wisp but misses.
[2018-10-21T20:56:55.112] [INFO] full - a wisp tries to hit Thomas but misses.
[2018-10-21T20:56:55.112] [INFO] full - Thomas tries to hit a wisp but misses.
[2018-10-21T20:56:55.112] [INFO] full - a wisp tries to hit Thomas but misses.
[2018-10-21T20:56:55.112] [INFO] full - Thomas tries to hit a wisp but misses.
[2018-10-21T20:56:55.112] [INFO] full - a wisp tries to hit Thomas but misses.
[2018-10-21T20:56:55.112] [INFO] full - Thomas hits a wisp for 20 life.
[2018-10-21T20:56:55.112] [INFO] full - a wisp hits Thomas for 10 life.
[2018-10-21T20:56:55.112] [INFO] full - Thomas tries to hit a wisp but misses.
[2018-10-21T20:56:55.112] [INFO] full - a wisp hits Thomas for 40 life.
[2018-10-21T20:56:55.112] [INFO] full - Thomas tries to hit a wisp but misses.
[2018-10-21T20:56:55.112] [INFO] full - a wisp tries to hit Thomas but misses.
[2018-10-21T20:56:55.112] [INFO] full - Thomas tries to hit a wisp but misses.
[2018-10-21T20:56:55.112] [INFO] full - a wisp hits Thomas for 20 life.
[2018-10-21T20:56:55.112] [INFO] full - Thomas tries to hit a wisp but misses.
[2018-10-21T20:56:55.112] [INFO] full - a wisp tries to hit Thomas but misses.
[2018-10-21T20:56:55.112] [INFO] full - Thomas tries to hit a wisp but misses.
[2018-10-21T20:56:55.112] [INFO] full - a wisp tries to hit Thomas but misses.
[2018-10-21T20:56:55.112] [INFO] full - Thomas tries to hit a wisp but misses.
[2018-10-21T20:56:55.112] [INFO] full - a wisp tries to hit Thomas but misses.
[2018-10-21T20:56:55.112] [INFO] full - Thomas tries to hit a wisp but misses.
[2018-10-21T20:56:55.112] [INFO] full - a wisp tries to hit Thomas but misses.
[2018-10-21T20:56:55.112] [INFO] full - Thomas tries to hit a wisp but misses.
[2018-10-21T20:56:55.112] [INFO] full - a wisp tries to hit Thomas but misses.
[2018-10-21T20:56:55.112] [INFO] full - Thomas hits a wisp for 30 life.
[2018-10-21T20:56:55.113] [INFO] full - a wisp pops {"name":"a wisp","strength":12,"stamina":18,"agility":13,"position":[-2887,3045,-3858],"rotation":[0,0,0],"life":380,"attack":17,"defence":21,"fightMode":false,"color":[0.64,0.9,0.7],"respawnedLife":380}.
[2018-10-21T20:56:55.113] [INFO] full - Thomas tries to hit a wisp but misses.
[2018-10-21T20:56:55.113] [INFO] full - a wisp tries to hit Thomas but misses.
[2018-10-21T20:56:55.113] [INFO] full - Thomas hits a wisp for 40 life.
[2018-10-21T20:56:55.113] [INFO] full - a wisp tries to hit Thomas but misses.
[2018-10-21T20:56:55.113] [INFO] full - Thomas tries to hit a wisp but misses.
[2018-10-21T20:56:55.113] [INFO] full - a wisp tries to hit Thomas but misses.
[2018-10-21T20:56:55.113] [INFO] full - Thomas tries to hit a wisp but misses.
[2018-10-21T20:56:55.113] [INFO] full - a wisp tries to hit Thomas but misses.
[2018-10-21T20:56:55.113] [INFO] full - Thomas tries to hit a wisp but misses.
[2018-10-21T20:56:55.113] [INFO] full - a wisp hits Thomas for 10 life.
[2018-10-21T20:56:55.113] [INFO] full - Thomas tries to hit a wisp but misses.
[2018-10-21T20:56:55.113] [INFO] full - a wisp tries to hit Thomas but misses.
[2018-10-21T20:56:55.113] [INFO] full - Thomas tries to hit a wisp but misses.
[2018-10-21T20:56:55.113] [INFO] full - a wisp hits Thomas for 50 life.
[2018-10-21T20:56:55.113] [INFO] full - Thomas tries to hit a wisp but misses.
[2018-10-21T20:56:55.113] [INFO] full - a wisp tries to hit Thomas but misses.
[2018-10-21T20:56:55.113] [INFO] full - Thomas hits a wisp for 50 life.
[2018-10-21T20:56:55.113] [INFO] full - a wisp hits Thomas for 10 life.
[2018-10-21T20:56:55.113] [INFO] full - Thomas tries to hit a wisp but misses.
[2018-10-21T20:56:55.113] [INFO] full - a wisp tries to hit Thomas but misses.
[2018-10-21T20:56:55.113] [INFO] full - Thomas tries to hit a wisp but misses.
[2018-10-21T20:56:55.113] [INFO] full - a wisp hits Thomas for 30 life.
[2018-10-21T20:56:55.113] [INFO] full - Fight summary: Thomas dies after 90 rounds, Thomas started with 480 life and ended with -10 life, fought 3 a wisp.
