[2018-10-23T04:46:08.866] [INFO] full - Test Case version 0.1 for player-fights-two-wisps.test.js - standard life only
[2018-10-23T04:46:08.874] [INFO] full - Player Thomas pops {"name":"Thomas","strength":8,"stamina":12,"agility":11,"position":[0,0,0],"rotation":[0,0,0],"life":500,"attack":8,"defence":21,"fightMode":false,"color":[0.3583,0.9,0.7],"respawnedLife":300,"socketId":1}.
[2018-10-23T04:46:08.875] [INFO] full - a wisp pops {"name":"a wisp","strength":7,"stamina":7,"agility":8,"position":[5446,4946,3492],"rotation":[0,0,0],"life":160,"attack":9,"defence":14,"fightMode":false,"color":[0.64,0.9,0.7],"respawnedLife":160}.
[2018-10-23T04:46:08.875] [INFO] full - a wisp pops {"name":"a wisp","strength":11,"stamina":16,"agility":12,"position":[188,-4752,-2668],"rotation":[0,0,0],"life":340,"attack":15,"defence":20,"fightMode":false,"color":[0.64,0.9,0.7],"respawnedLife":340}.
[2018-10-23T04:46:08.875] [INFO] full - Thomas hits a wisp for 20 life.
[2018-10-23T04:46:08.875] [INFO] full - a wisp tries to hit Thomas but misses.
[2018-10-23T04:46:08.875] [INFO] full - Thomas tries to hit a wisp but misses.
[2018-10-23T04:46:08.875] [INFO] full - a wisp tries to hit Thomas but misses.
[2018-10-23T04:46:08.875] [INFO] full - Thomas tries to hit a wisp but misses.
[2018-10-23T04:46:08.875] [INFO] full - a wisp tries to hit Thomas but misses.
[2018-10-23T04:46:08.875] [INFO] full - Thomas tries to hit a wisp but misses.
[2018-10-23T04:46:08.875] [INFO] full - a wisp hits Thomas for 60 life.
[2018-10-23T04:46:08.875] [INFO] full - Thomas hits a wisp for 60 life.
[2018-10-23T04:46:08.875] [INFO] full - a wisp tries to hit Thomas but misses.
[2018-10-23T04:46:08.875] [INFO] full - Thomas tries to hit a wisp but misses.
[2018-10-23T04:46:08.875] [INFO] full - a wisp tries to hit Thomas but misses.
[2018-10-23T04:46:08.875] [INFO] full - Thomas tries to hit a wisp but misses.
[2018-10-23T04:46:08.875] [INFO] full - a wisp hits Thomas for 50 life.
[2018-10-23T04:46:08.875] [INFO] full - Thomas tries to hit a wisp but misses.
[2018-10-23T04:46:08.875] [INFO] full - a wisp tries to hit Thomas but misses.
[2018-10-23T04:46:08.875] [INFO] full - Thomas tries to hit a wisp but misses.
[2018-10-23T04:46:08.875] [INFO] full - a wisp tries to hit Thomas but misses.
[2018-10-23T04:46:08.875] [INFO] full - Thomas tries to hit a wisp but misses.
[2018-10-23T04:46:08.875] [INFO] full - a wisp tries to hit Thomas but misses.
[2018-10-23T04:46:08.875] [INFO] full - Thomas hits a wisp for 50 life.
[2018-10-23T04:46:08.875] [INFO] full - a wisp tries to hit Thomas but misses.
[2018-10-23T04:46:08.876] [INFO] full - Thomas hits a wisp for 10 life.
[2018-10-23T04:46:08.876] [INFO] full - a wisp hits Thomas for 30 life.
[2018-10-23T04:46:08.876] [INFO] full - Thomas hits a wisp for 50 life.
[2018-10-23T04:46:08.876] [INFO] full - Thomas hits a wisp for 60 life.
[2018-10-23T04:46:08.876] [INFO] full - a wisp tries to hit Thomas but misses.
[2018-10-23T04:46:08.876] [INFO] full - Thomas tries to hit a wisp but misses.
[2018-10-23T04:46:08.876] [INFO] full - a wisp hits Thomas for 10 life.
[2018-10-23T04:46:08.876] [INFO] full - Thomas tries to hit a wisp but misses.
[2018-10-23T04:46:08.876] [INFO] full - a wisp tries to hit Thomas but misses.
[2018-10-23T04:46:08.876] [INFO] full - Thomas tries to hit a wisp but misses.
[2018-10-23T04:46:08.876] [INFO] full - a wisp tries to hit Thomas but misses.
[2018-10-23T04:46:08.876] [INFO] full - Thomas tries to hit a wisp but misses.
[2018-10-23T04:46:08.876] [INFO] full - a wisp hits Thomas for 20 life.
[2018-10-23T04:46:08.876] [INFO] full - Thomas hits a wisp for 20 life.
[2018-10-23T04:46:08.876] [INFO] full - a wisp tries to hit Thomas but misses.
[2018-10-23T04:46:08.876] [INFO] full - Thomas tries to hit a wisp but misses.
[2018-10-23T04:46:08.876] [INFO] full - a wisp tries to hit Thomas but misses.
[2018-10-23T04:46:08.876] [INFO] full - Thomas hits a wisp for 20 life.
[2018-10-23T04:46:08.876] [INFO] full - a wisp tries to hit Thomas but misses.
[2018-10-23T04:46:08.876] [INFO] full - Thomas tries to hit a wisp but misses.
[2018-10-23T04:46:08.876] [INFO] full - a wisp tries to hit Thomas but misses.
[2018-10-23T04:46:08.876] [INFO] full - Thomas tries to hit a wisp but misses.
[2018-10-23T04:46:08.876] [INFO] full - a wisp tries to hit Thomas but misses.
[2018-10-23T04:46:08.876] [INFO] full - Thomas hits a wisp for 40 life.
[2018-10-23T04:46:08.876] [INFO] full - a wisp hits Thomas for 30 life.
[2018-10-23T04:46:08.876] [INFO] full - Thomas tries to hit a wisp but misses.
[2018-10-23T04:46:08.876] [INFO] full - a wisp tries to hit Thomas but misses.
[2018-10-23T04:46:08.876] [INFO] full - Thomas tries to hit a wisp but misses.
[2018-10-23T04:46:08.876] [INFO] full - a wisp tries to hit Thomas but misses.
[2018-10-23T04:46:08.876] [INFO] full - Thomas hits a wisp for 20 life.
[2018-10-23T04:46:08.876] [INFO] full - a wisp tries to hit Thomas but misses.
[2018-10-23T04:46:08.876] [INFO] full - Thomas tries to hit a wisp but misses.
[2018-10-23T04:46:08.876] [INFO] full - a wisp hits Thomas for 20 life.
[2018-10-23T04:46:08.876] [INFO] full - Thomas hits a wisp for 50 life.
[2018-10-23T04:46:08.876] [INFO] full - a wisp tries to hit Thomas but misses.
[2018-10-23T04:46:08.876] [INFO] full - Thomas tries to hit a wisp but misses.
[2018-10-23T04:46:08.876] [INFO] full - a wisp tries to hit Thomas but misses.
[2018-10-23T04:46:08.876] [INFO] full - Thomas tries to hit a wisp but misses.
[2018-10-23T04:46:08.876] [INFO] full - a wisp hits Thomas for 50 life.
[2018-10-23T04:46:08.876] [INFO] full - Thomas hits a wisp for 30 life.
[2018-10-23T04:46:08.876] [INFO] full - a wisp tries to hit Thomas but misses.
[2018-10-23T04:46:08.877] [INFO] full - Thomas tries to hit a wisp but misses.
[2018-10-23T04:46:08.877] [INFO] full - a wisp hits Thomas for 50 life.
[2018-10-23T04:46:08.877] [INFO] full - Thomas tries to hit a wisp but misses.
[2018-10-23T04:46:08.877] [INFO] full - a wisp tries to hit Thomas but misses.
[2018-10-23T04:46:08.877] [INFO] full - Thomas hits a wisp for 40 life.
[2018-10-23T04:46:08.877] [INFO] full - a wisp hits Thomas for 50 life.
[2018-10-23T04:46:08.877] [INFO] full - Thomas tries to hit a wisp but misses.
[2018-10-23T04:46:08.877] [INFO] full - a wisp hits Thomas for 20 life.
[2018-10-23T04:46:08.877] [INFO] full - Thomas tries to hit a wisp but misses.
[2018-10-23T04:46:08.877] [INFO] full - a wisp tries to hit Thomas but misses.
[2018-10-23T04:46:08.877] [INFO] full - Thomas hits a wisp for 10 life.
[2018-10-23T04:46:08.877] [INFO] full - a wisp hits Thomas for 60 life.
[2018-10-23T04:46:08.877] [INFO] full - Thomas tries to hit a wisp but misses.
[2018-10-23T04:46:08.877] [INFO] full - a wisp tries to hit Thomas but misses.
[2018-10-23T04:46:08.877] [INFO] full - Thomas hits a wisp for 60 life.
[2018-10-23T04:46:08.877] [INFO] full - Fight summary: Thomas wins after 78 rounds, Thomas started with 500 life and ended with 50 life, first a wisp started with 160 life and ended with -20, second a wisp started with 340 life and ended with -20.
