[2018-10-21T20:03:32.536] [INFO] full - Player Thomas pops {"name":"Thomas","strength":9,"stamina":13,"agility":7,"position":[0,0,0],"rotation":[0,0,0],"life":420,"attack":17,"defence":8,"fightMode":false,"color":[0.3583,0.9,0.7],"respawnedLife":220,"socketId":1}.
[2018-10-21T20:03:32.540] [INFO] full - an evil wisp pops {"name":"an evil wisp","strength":18,"stamina":1,"agility":1,"position":[-4246,3007,-4981],"rotation":[0,0,0],"life":320,"attack":53,"defence":24,"fightMode":false,"color":[0,1,0.5],"respawnedLife":320}.
[2018-10-21T20:03:32.541] [INFO] full - Thomas hits an evil wisp for 20 life.
[2018-10-21T20:03:32.541] [INFO] full - an evil wisp hits Thomas for 20 life.
[2018-10-21T20:03:32.541] [INFO] full - Thomas hits an evil wisp for 40 life.
[2018-10-21T20:03:32.541] [INFO] full - an evil wisp hits Thomas for 60 life.
[2018-10-21T20:03:32.541] [INFO] full - Thomas tries to hit an evil wisp but misses.
[2018-10-21T20:03:32.541] [INFO] full - an evil wisp hits Thomas for 10 life.
[2018-10-21T20:03:32.541] [INFO] full - Thomas tries to hit an evil wisp but misses.
[2018-10-21T20:03:32.541] [INFO] full - an evil wisp hits Thomas for 40 life.
[2018-10-21T20:03:32.541] [INFO] full - Thomas tries to hit an evil wisp but misses.
[2018-10-21T20:03:32.541] [INFO] full - an evil wisp hits Thomas for 10 life.
[2018-10-21T20:03:32.541] [INFO] full - Thomas tries to hit an evil wisp but misses.
[2018-10-21T20:03:32.541] [INFO] full - an evil wisp hits Thomas for 60 life.
[2018-10-21T20:03:32.541] [INFO] full - Thomas hits an evil wisp for 20 life.
[2018-10-21T20:03:32.541] [INFO] full - an evil wisp hits Thomas for 10 life.
[2018-10-21T20:03:32.541] [INFO] full - Thomas hits an evil wisp for 40 life.
[2018-10-21T20:03:32.541] [INFO] full - an evil wisp hits Thomas for 50 life.
[2018-10-21T20:03:32.541] [INFO] full - Thomas hits an evil wisp for 50 life.
[2018-10-21T20:03:32.541] [INFO] full - an evil wisp hits Thomas for 10 life.
[2018-10-21T20:03:32.541] [INFO] full - Thomas tries to hit an evil wisp but misses.
[2018-10-21T20:03:32.541] [INFO] full - an evil wisp hits Thomas for 60 life.
[2018-10-21T20:03:32.541] [INFO] full - Thomas tries to hit an evil wisp but misses.
[2018-10-21T20:03:32.541] [INFO] full - an evil wisp hits Thomas for 20 life.
[2018-10-21T20:03:32.542] [INFO] full - Thomas tries to hit an evil wisp but misses.
[2018-10-21T20:03:32.542] [INFO] full - an evil wisp hits Thomas for 40 life.
[2018-10-21T20:03:32.542] [INFO] full - Thomas tries to hit an evil wisp but misses.
[2018-10-21T20:03:32.542] [INFO] full - an evil wisp hits Thomas for 20 life.
[2018-10-21T20:03:32.542] [INFO] full - Thomas tries to hit an evil wisp but misses.
[2018-10-21T20:03:32.542] [INFO] full - an evil wisp hits Thomas for 60 life.
[2018-10-21T20:03:32.542] [INFO] full - Fight summary: Thomas dies after 28 rounds, Thomas started with 420 life and ended with -50 life, an evil wisp started with 320 life and ended with 150.
[2018-10-21T20:03:32.544] [INFO] full - Player Thomas pops {"name":"Thomas","strength":14,"stamina":15,"agility":15,"position":[0,0,0],"rotation":[0,0,0],"life":520,"attack":20,"defence":24,"fightMode":false,"color":[0.3583,0.9,0.7],"respawnedLife":320,"socketId":1}.
[2018-10-21T20:03:32.544] [INFO] full - an evil wisp pops {"name":"an evil wisp","strength":18,"stamina":1,"agility":1,"position":[5717,966,1162],"rotation":[0,0,0],"life":320,"attack":53,"defence":24,"fightMode":false,"color":[0,1,0.5],"respawnedLife":320}.
[2018-10-21T20:03:32.544] [INFO] full - Thomas hits an evil wisp for 60 life.
[2018-10-21T20:03:32.544] [INFO] full - an evil wisp hits Thomas for 10 life.
[2018-10-21T20:03:32.544] [INFO] full - Thomas tries to hit an evil wisp but misses.
[2018-10-21T20:03:32.544] [INFO] full - an evil wisp hits Thomas for 20 life.
[2018-10-21T20:03:32.544] [INFO] full - Thomas hits an evil wisp for 30 life.
[2018-10-21T20:03:32.544] [INFO] full - an evil wisp hits Thomas for 60 life.
[2018-10-21T20:03:32.544] [INFO] full - Thomas hits an evil wisp for 50 life.
[2018-10-21T20:03:32.544] [INFO] full - an evil wisp hits Thomas for 60 life.
[2018-10-21T20:03:32.544] [INFO] full - Thomas tries to hit an evil wisp but misses.
[2018-10-21T20:03:32.544] [INFO] full - an evil wisp hits Thomas for 60 life.
[2018-10-21T20:03:32.544] [INFO] full - Thomas hits an evil wisp for 20 life.
[2018-10-21T20:03:32.544] [INFO] full - an evil wisp hits Thomas for 10 life.
[2018-10-21T20:03:32.544] [INFO] full - Thomas tries to hit an evil wisp but misses.
[2018-10-21T20:03:32.544] [INFO] full - an evil wisp hits Thomas for 20 life.
[2018-10-21T20:03:32.544] [INFO] full - Thomas tries to hit an evil wisp but misses.
[2018-10-21T20:03:32.544] [INFO] full - an evil wisp hits Thomas for 50 life.
[2018-10-21T20:03:32.544] [INFO] full - Thomas tries to hit an evil wisp but misses.
[2018-10-21T20:03:32.544] [INFO] full - an evil wisp hits Thomas for 40 life.
[2018-10-21T20:03:32.544] [INFO] full - Thomas hits an evil wisp for 50 life.
[2018-10-21T20:03:32.545] [INFO] full - an evil wisp hits Thomas for 50 life.
[2018-10-21T20:03:32.545] [INFO] full - Thomas hits an evil wisp for 50 life.
[2018-10-21T20:03:32.545] [INFO] full - an evil wisp hits Thomas for 20 life.
[2018-10-21T20:03:32.545] [INFO] full - Thomas tries to hit an evil wisp but misses.
[2018-10-21T20:03:32.545] [INFO] full - an evil wisp hits Thomas for 10 life.
[2018-10-21T20:03:32.545] [INFO] full - Thomas tries to hit an evil wisp but misses.
[2018-10-21T20:03:32.545] [INFO] full - an evil wisp hits Thomas for 30 life.
[2018-10-21T20:03:32.545] [INFO] full - Thomas tries to hit an evil wisp but misses.
[2018-10-21T20:03:32.545] [INFO] full - an evil wisp hits Thomas for 60 life.
[2018-10-21T20:03:32.545] [INFO] full - Fight summary: Thomas dies after 28 rounds, Thomas started with 500 life and ended with 0 life, an evil wisp started with 320 life and ended with 60.
[2018-10-21T20:03:32.545] [INFO] full - Player Thomas pops {"name":"Thomas","strength":6,"stamina":12,"agility":10,"position":[0,0,0],"rotation":[0,0,0],"life":520,"attack":3,"defence":21,"fightMode":false,"color":[0.3583,0.9,0.7],"respawnedLife":320,"socketId":1}.
[2018-10-21T20:03:32.545] [INFO] full - an evil wisp pops {"name":"an evil wisp","strength":18,"stamina":1,"agility":1,"position":[5768,-4496,-5526],"rotation":[0,0,0],"life":320,"attack":53,"defence":24,"fightMode":false,"color":[0,1,0.5],"respawnedLife":320}.
[2018-10-21T20:03:32.545] [INFO] full - Thomas tries to hit an evil wisp but misses.
[2018-10-21T20:03:32.545] [INFO] full - an evil wisp hits Thomas for 50 life.
[2018-10-21T20:03:32.545] [INFO] full - Thomas hits an evil wisp for 20 life.
[2018-10-21T20:03:32.545] [INFO] full - an evil wisp hits Thomas for 50 life.
[2018-10-21T20:03:32.545] [INFO] full - Thomas tries to hit an evil wisp but misses.
[2018-10-21T20:03:32.545] [INFO] full - an evil wisp hits Thomas for 50 life.
[2018-10-21T20:03:32.545] [INFO] full - Thomas tries to hit an evil wisp but misses.
[2018-10-21T20:03:32.545] [INFO] full - an evil wisp hits Thomas for 60 life.
[2018-10-21T20:03:32.545] [INFO] full - Thomas tries to hit an evil wisp but misses.
[2018-10-21T20:03:32.545] [INFO] full - an evil wisp hits Thomas for 30 life.
[2018-10-21T20:03:32.545] [INFO] full - Thomas hits an evil wisp for 30 life.
[2018-10-21T20:03:32.545] [INFO] full - an evil wisp hits Thomas for 10 life.
[2018-10-21T20:03:32.545] [INFO] full - Thomas hits an evil wisp for 10 life.
[2018-10-21T20:03:32.546] [INFO] full - an evil wisp hits Thomas for 30 life.
[2018-10-21T20:03:32.546] [INFO] full - Thomas tries to hit an evil wisp but misses.
[2018-10-21T20:03:32.546] [INFO] full - an evil wisp hits Thomas for 30 life.
[2018-10-21T20:03:32.546] [INFO] full - Thomas tries to hit an evil wisp but misses.
[2018-10-21T20:03:32.546] [INFO] full - an evil wisp hits Thomas for 20 life.
[2018-10-21T20:03:32.546] [INFO] full - Thomas hits an evil wisp for 10 life.
[2018-10-21T20:03:32.546] [INFO] full - an evil wisp hits Thomas for 40 life.
[2018-10-21T20:03:32.546] [INFO] full - Thomas tries to hit an evil wisp but misses.
[2018-10-21T20:03:32.546] [INFO] full - an evil wisp hits Thomas for 40 life.
[2018-10-21T20:03:32.546] [INFO] full - Fight summary: Thomas dies after 22 rounds, Thomas started with 400 life and ended with -10 life, an evil wisp started with 320 life and ended with 250.
[2018-10-21T20:03:32.546] [INFO] full - Player Thomas pops {"name":"Thomas","strength":10,"stamina":15,"agility":8,"position":[0,0,0],"rotation":[0,0,0],"life":460,"attack":18,"defence":9,"fightMode":false,"color":[0.3583,0.9,0.7],"respawnedLife":260,"socketId":1}.
[2018-10-21T20:03:32.546] [INFO] full - an evil wisp pops {"name":"an evil wisp","strength":18,"stamina":1,"agility":1,"position":[-4394,-3654,-1493],"rotation":[0,0,0],"life":320,"attack":53,"defence":24,"fightMode":false,"color":[0,1,0.5],"respawnedLife":320}.
[2018-10-21T20:03:32.546] [INFO] full - Thomas tries to hit an evil wisp but misses.
[2018-10-21T20:03:32.546] [INFO] full - an evil wisp hits Thomas for 30 life.
[2018-10-21T20:03:32.546] [INFO] full - Thomas hits an evil wisp for 10 life.
[2018-10-21T20:03:32.546] [INFO] full - an evil wisp hits Thomas for 30 life.
[2018-10-21T20:03:32.546] [INFO] full - Thomas tries to hit an evil wisp but misses.
[2018-10-21T20:03:32.546] [INFO] full - an evil wisp hits Thomas for 60 life.
[2018-10-21T20:03:32.546] [INFO] full - Thomas hits an evil wisp for 20 life.
[2018-10-21T20:03:32.546] [INFO] full - an evil wisp hits Thomas for 40 life.
[2018-10-21T20:03:32.546] [INFO] full - Thomas tries to hit an evil wisp but misses.
[2018-10-21T20:03:32.546] [INFO] full - an evil wisp hits Thomas for 10 life.
[2018-10-21T20:03:32.546] [INFO] full - Thomas hits an evil wisp for 10 life.
[2018-10-21T20:03:32.546] [INFO] full - an evil wisp hits Thomas for 10 life.
[2018-10-21T20:03:32.546] [INFO] full - Thomas hits an evil wisp for 30 life.
[2018-10-21T20:03:32.546] [INFO] full - an evil wisp hits Thomas for 40 life.
[2018-10-21T20:03:32.546] [INFO] full - Thomas tries to hit an evil wisp but misses.
[2018-10-21T20:03:32.546] [INFO] full - an evil wisp hits Thomas for 60 life.
[2018-10-21T20:03:32.546] [INFO] full - Thomas tries to hit an evil wisp but misses.
[2018-10-21T20:03:32.546] [INFO] full - an evil wisp hits Thomas for 40 life.
[2018-10-21T20:03:32.546] [INFO] full - Fight summary: Thomas dies after 18 rounds, Thomas started with 300 life and ended with -20 life, an evil wisp started with 320 life and ended with 250.
[2018-10-21T20:03:32.547] [INFO] full - Player Thomas pops {"name":"Thomas","strength":8,"stamina":9,"agility":5,"position":[0,0,0],"rotation":[0,0,0],"life":320,"attack":17,"defence":3,"fightMode":false,"color":[0.3583,0.9,0.7],"respawnedLife":120,"socketId":1}.
[2018-10-21T20:03:32.547] [INFO] full - an evil wisp pops {"name":"an evil wisp","strength":18,"stamina":1,"agility":1,"position":[-3791,-864,992],"rotation":[0,0,0],"life":320,"attack":53,"defence":24,"fightMode":false,"color":[0,1,0.5],"respawnedLife":320}.
[2018-10-21T20:03:32.547] [INFO] full - Thomas tries to hit an evil wisp but misses.
[2018-10-21T20:03:32.547] [INFO] full - an evil wisp hits Thomas for 30 life.
[2018-10-21T20:03:32.547] [INFO] full - Thomas tries to hit an evil wisp but misses.
[2018-10-21T20:03:32.547] [INFO] full - an evil wisp hits Thomas for 10 life.
[2018-10-21T20:03:32.547] [INFO] full - Thomas tries to hit an evil wisp but misses.
[2018-10-21T20:03:32.547] [INFO] full - an evil wisp hits Thomas for 30 life.
[2018-10-21T20:03:32.547] [INFO] full - Thomas hits an evil wisp for 10 life.
[2018-10-21T20:03:32.547] [INFO] full - an evil wisp hits Thomas for 50 life.
[2018-10-21T20:03:32.547] [INFO] full - Thomas tries to hit an evil wisp but misses.
[2018-10-21T20:03:32.547] [INFO] full - an evil wisp hits Thomas for 30 life.
[2018-10-21T20:03:32.547] [INFO] full - Thomas tries to hit an evil wisp but misses.
[2018-10-21T20:03:32.547] [INFO] full - an evil wisp hits Thomas for 10 life.
[2018-10-21T20:03:32.547] [INFO] full - Thomas hits an evil wisp for 10 life.
[2018-10-21T20:03:32.547] [INFO] full - an evil wisp hits Thomas for 40 life.
[2018-10-21T20:03:32.547] [INFO] full - Fight summary: Thomas dies after 14 rounds, Thomas started with 200 life and ended with 0 life, an evil wisp started with 320 life and ended with 300.
[2018-10-21T20:03:32.547] [INFO] full - Player Thomas pops {"name":"Thomas","strength":14,"stamina":14,"agility":11,"position":[0,0,0],"rotation":[0,0,0],"life":420,"attack":26,"defence":12,"fightMode":false,"color":[0.3583,0.9,0.7],"respawnedLife":220,"socketId":1}.
[2018-10-21T20:03:32.547] [INFO] full - an evil wisp pops {"name":"an evil wisp","strength":18,"stamina":1,"agility":1,"position":[805,5889,62],"rotation":[0,0,0],"life":320,"attack":53,"defence":24,"fightMode":false,"color":[0,1,0.5],"respawnedLife":320}.
[2018-10-21T20:03:32.547] [INFO] full - Thomas tries to hit an evil wisp but misses.
[2018-10-21T20:03:32.548] [INFO] full - an evil wisp hits Thomas for 30 life.
[2018-10-21T20:03:32.548] [INFO] full - Thomas tries to hit an evil wisp but misses.
[2018-10-21T20:03:32.548] [INFO] full - an evil wisp hits Thomas for 10 life.
[2018-10-21T20:03:32.548] [INFO] full - Thomas hits an evil wisp for 20 life.
[2018-10-21T20:03:32.548] [INFO] full - an evil wisp hits Thomas for 10 life.
[2018-10-21T20:03:32.548] [INFO] full - Thomas tries to hit an evil wisp but misses.
[2018-10-21T20:03:32.548] [INFO] full - an evil wisp hits Thomas for 20 life.
[2018-10-21T20:03:32.548] [INFO] full - Thomas tries to hit an evil wisp but misses.
[2018-10-21T20:03:32.548] [INFO] full - an evil wisp hits Thomas for 60 life.
[2018-10-21T20:03:32.548] [INFO] full - Fight summary: Thomas dies after 10 rounds, Thomas started with 100 life and ended with -30 life, an evil wisp started with 320 life and ended with 300.
